********************************************************************************
DUPLICATOR-LITE PACKAGE-LOG: 2025-07-02 07:34
NOTICE: Do NOT post to public sites or forums 
********************************************************************************
VERSION:	1.5.12
WORDPRESS:	6.8.1
PHP INFO:	8.3.14 | SAPI: apache2handler
SERVER:		Apache/2.4.62 (Win64) PHP/8.3.14 mod_fcgid/2.3.10-dev 
PHP TIME LIMIT: (0) no time limit imposed 
PHP MAX MEMORY: 4294967296 (128M default) 
MEMORY STACK: 18MB

********************************************************************************
DATABASE:
********************************************************************************
BUILD MODE:   PHP(query limit - 100)
MYSQLTIMEOUT: 5000
MYSQLDUMP:    Not Supported
TABLES: total:57 | filtered:0 | create:57
FILTERED: []
SQL CREATED: backup_laviedesplante_64e40318b4acb39d4276_20250702073356_database.sql
SQL FILE SIZE: 3.3MB (3463233)
SQL FILE TIME: 2025-07-02 07:34:54
SQL RUNTIME: 1.26 sec.

********************************************************************************
ARCHIVE (ZIP):
********************************************************************************
ARCHIVE DIR:  C:/wamp64/www/La_vie_des_plantes
ARCHIVE FILE: backup_laviedesplante_64e40318b4acb39d4276_20250702073356_archive.zip
FILTERS: *OFF*
DIRS:
	not set
FILES:
	not set
EXTS:  not set
----------------------------------------
COMPRESSING
SIZE:	264.61MB
STATS:	Dirs 2,764 | Files 17,899
SQL ADDED: backup_laviedesplante_64e40318b4acb39d4276_20250702073356_database.sql
ZipArchive Object
(
    [lastId] => 20662
    [status] => 0
    [statusSys] => 0
    [numFiles] => 20663
    [filename] => C:\wamp64\www\La_vie_des_plantes\wp-content\backups-dup-lite\tmp\backup_laviedesplante_64e40318b4acb39d4276_20250702073356_archive.zip
    [comment] => 
)

FILE ADDED TO ZIP: 20662
COMPRESSION RESULT: '1'
COMPRESSED SIZE: 101.34MB
ARCHIVE RUNTIME: 492.33 sec.
MEMORY STACK: 26MB
building installer
TEST DE COHÉRENCE D’ARCHIVE : RÉUSSITE

********************************************************************************
INTEGRITY CHECKS:
********************************************************************************
SQL FILE: 3.3MB
INSTALLER FILE: 73.49KB
ARCHIVE FILE: 103.46MB 
COMPTE ATTENDU DE FICHIERS/RÉPERTOIRES : 20,663
COMPTE ACTUEL DE FICHIERS/RÉPERTOIRES : 20,662
TEST DE COHÉRENCE D’ARCHIVE : Bon

********************************************************************************
RECORD ID:[3]
TOTAL PROCESS RUNTIME: 497.19 sec.
PEAK PHP MEMORY USED: 30MB
DONE PROCESSING => backup_laviedesplante 2025-07-02 07:43

